<?xml version="1.0" encoding="UTF-8"?>
<TestRun id="4df1dc58-15c2-47ae-ad9f-1bdef51d11ae" name="FrankieLin@P24302-14 2014-07-01 15:38:59" runUser="P24302-14\FrankieLin" xmlns="http://microsoft.com/schemas/VisualStudio/TeamTest/2010">
  <TestSettings name="Local" id="d5433585-0d29-4301-95de-3408dcfff771">
    <Description>These are default test settings for a local test run.</Description>
    <Deployment userDeploymentRoot="D:\SourceCode\Project\SpiderApplication\TestResults" useDefaultDeploymentRoot="false" enabled="false" runDeploymentRoot="FrankieLin_P24302-14 2014-07-01 15_38_59">
      <DeploymentItem filename="D:\SourceCode\Project\SpiderApplication\Dll\Common.dll" />
      <DeploymentItem filename="D:\SourceCode\Project\SpiderApplication\PageLoader\bin\Debug\PageLoader.dll" />
      <DeploymentItem filename="D:\SourceCode\Project\SpiderApplication\SpiderLib\bin\Debug\SpiderLib.dll" />
    </Deployment>
    <Execution>
      <TestTypeSpecific />
      <AgentRule name="Execution Agents">
      </AgentRule>
    </Execution>
  </TestSettings>
  <Times creation="2014-07-01T15:38:59.9409947+08:00" queuing="2014-07-01T15:39:01.7912308+08:00" start="2014-07-01T15:39:01.9383285+08:00" finish="2014-07-01T15:39:42.9787361+08:00" />
  <ResultSummary outcome="Error">
    <Counters total="1" error="0" failed="0" timeout="0" aborted="0" inconclusive="0" passedButRunAborted="0" notRunnable="0" notExecuted="1" disconnected="0" warning="0" passed="0" completed="0" inProgress="0" pending="0" />
    <RunInfos>
      <RunInfo computerName="P24302-14" outcome="Warning" timestamp="2014-07-01T15:38:59.9670126+08:00">
        <Text>Deployment is currently disabled. The deployment item 'SpiderLib.dll' on test 'UnitTest.MeituanSourceModelTest.InitTest' was not deployed.</Text>
      </RunInfo>
      <RunInfo computerName="P24302-14" outcome="Error" timestamp="2014-07-01T15:39:42.9777354+08:00">
        <Text>Test host process exited unexpectedly.</Text>
      </RunInfo>
    </RunInfos>
  </ResultSummary>
  <TestDefinitions>
    <UnitTest name="InitTest" storage="d:\sourcecode\project\spiderapplication\unittest\bin\debug\unittest.dll" id="a56d1f19-c3b7-1882-0ba6-a13dc457bf40">
      <DeploymentItems>
        <DeploymentItem filename="SpiderLib.dll" />
      </DeploymentItems>
      <Execution id="bfcbe5de-9f18-4026-a42c-89a2272f9155" />
      <TestMethod codeBase="D:/SourceCode/Project/SpiderApplication/UnitTest/bin/Debug/UnitTest.DLL" adapterTypeName="Microsoft.VisualStudio.TestTools.TestTypes.Unit.UnitTestAdapter, Microsoft.VisualStudio.QualityTools.Tips.UnitTest.Adapter, Version=10.0.0.0, Culture=neutral, PublicKeyToken=b03f5f7f11d50a3a" className="UnitTest.MeituanSourceModelTest, UnitTest, Version=1.0.0.0, Culture=neutral, PublicKeyToken=null" name="InitTest" />
    </UnitTest>
  </TestDefinitions>
  <TestLists>
    <TestList name="Results Not in a List" id="8c84fa94-04c1-424b-9868-57a2d4851a1d" />
    <TestList name="All Loaded Results" id="19431567-8539-422a-85d7-44ee4e166bda" />
  </TestLists>
  <TestEntries>
    <TestEntry testId="a56d1f19-c3b7-1882-0ba6-a13dc457bf40" executionId="bfcbe5de-9f18-4026-a42c-89a2272f9155" testListId="8c84fa94-04c1-424b-9868-57a2d4851a1d" />
  </TestEntries>
  <Results>
    <UnitTestResult executionId="bfcbe5de-9f18-4026-a42c-89a2272f9155" testId="a56d1f19-c3b7-1882-0ba6-a13dc457bf40" testName="InitTest" computerName="P24302-14" testType="13cdc9d9-ddb5-4fa4-a97d-d965ccfc6d4b" outcome="NotExecuted" testListId="8c84fa94-04c1-424b-9868-57a2d4851a1d" relativeResultsDirectory="bfcbe5de-9f18-4026-a42c-89a2272f9155">
    </UnitTestResult>
  </Results>
</TestRun>