<?xml version="1.0" encoding="UTF-8"?>
<TestRun id="e9dd7e19-8f73-43b1-808e-1d3f59c35c7a" name="FrankieLin@P24302-14 2014-07-01 16:46:45" runUser="P24302-14\FrankieLin" xmlns="http://microsoft.com/schemas/VisualStudio/TeamTest/2010">
  <TestSettings name="Local" id="d5433585-0d29-4301-95de-3408dcfff771">
    <Description>These are default test settings for a local test run.</Description>
    <Deployment userDeploymentRoot="D:\SourceCode\Project\SpiderApplication\TestResults" useDefaultDeploymentRoot="false" enabled="false" runDeploymentRoot="FrankieLin_P24302-14 2014-07-01 16_46_45">
      <DeploymentItem filename="D:\SourceCode\Project\SpiderApplication\Dll\Common.dll" />
      <DeploymentItem filename="D:\SourceCode\Project\SpiderApplication\PageLoader\bin\Debug\PageLoader.dll" />
      <DeploymentItem filename="D:\SourceCode\Project\SpiderApplication\SpiderLib\bin\Debug\SpiderLib.dll" />
    </Deployment>
    <Execution>
      <TestTypeSpecific />
      <AgentRule name="Execution Agents">
      </AgentRule>
    </Execution>
  </TestSettings>
  <Times creation="2014-07-01T16:46:45.2618417+08:00" queuing="2014-07-01T16:46:48.8292241+08:00" start="2014-07-01T16:46:49.0053417+08:00" finish="2014-07-01T16:47:40.8659751+08:00" />
  <ResultSummary outcome="Error">
    <Counters total="1" executed="1" error="0" failed="0" timeout="0" aborted="1" inconclusive="0" passedButRunAborted="0" notRunnable="0" notExecuted="0" disconnected="0" warning="0" passed="0" completed="0" inProgress="0" pending="0" />
    <RunInfos>
      <RunInfo computerName="P24302-14" outcome="Error" timestamp="2014-07-01T16:47:40.8639732+08:00">
        <Text>Test host process exited unexpectedly.</Text>
      </RunInfo>
    </RunInfos>
  </ResultSummary>
  <TestDefinitions>
    <UnitTest name="UnicodeToChs" storage="d:\sourcecode\project\spiderapplication\unittest\bin\debug\unittest.dll" id="dee4af07-b223-b4fa-f5ff-7cb76b405fbc">
      <Execution id="3af4af40-3e54-47d2-9cc4-67ab5cce5872" />
      <TestMethod codeBase="D:/SourceCode/Project/SpiderApplication/UnitTest/bin/Debug/UnitTest.DLL" adapterTypeName="Microsoft.VisualStudio.TestTools.TestTypes.Unit.UnitTestAdapter, Microsoft.VisualStudio.QualityTools.Tips.UnitTest.Adapter, Version=10.0.0.0, Culture=neutral, PublicKeyToken=b03f5f7f11d50a3a" className="UnitTest.MeituanSourceModelTest, UnitTest, Version=1.0.0.0, Culture=neutral, PublicKeyToken=null" name="UnicodeToChs" />
    </UnitTest>
  </TestDefinitions>
  <TestLists>
    <TestList name="Results Not in a List" id="8c84fa94-04c1-424b-9868-57a2d4851a1d" />
    <TestList name="All Loaded Results" id="19431567-8539-422a-85d7-44ee4e166bda" />
  </TestLists>
  <TestEntries>
    <TestEntry testId="dee4af07-b223-b4fa-f5ff-7cb76b405fbc" executionId="3af4af40-3e54-47d2-9cc4-67ab5cce5872" testListId="8c84fa94-04c1-424b-9868-57a2d4851a1d" />
  </TestEntries>
  <Results>
    <UnitTestResult executionId="3af4af40-3e54-47d2-9cc4-67ab5cce5872" testId="dee4af07-b223-b4fa-f5ff-7cb76b405fbc" testName="UnicodeToChs" computerName="P24302-14" duration="00:00:51.6935218" startTime="2014-07-01T16:46:49.1724533+08:00" endTime="2014-07-01T16:47:40.8659751+08:00" testType="13cdc9d9-ddb5-4fa4-a97d-d965ccfc6d4b" outcome="Aborted" testListId="8c84fa94-04c1-424b-9868-57a2d4851a1d" relativeResultsDirectory="3af4af40-3e54-47d2-9cc4-67ab5cce5872">
    </UnitTestResult>
  </Results>
</TestRun>