<?xml version="1.0" encoding="UTF-8"?>
<TestRun id="def872e2-3119-4ddb-a55a-35155de2ac1d" name="FrankieLin@P24302-14 2014-07-01 14:56:55" runUser="P24302-14\FrankieLin" xmlns="http://microsoft.com/schemas/VisualStudio/TeamTest/2010">
  <TestSettings name="Local" id="d5433585-0d29-4301-95de-3408dcfff771">
    <Description>These are default test settings for a local test run.</Description>
    <Deployment userDeploymentRoot="D:\SourceCode\Project\SpiderApplication\TestResults" useDefaultDeploymentRoot="false" enabled="false" runDeploymentRoot="FrankieLin_P24302-14 2014-07-01 14_56_55">
      <DeploymentItem filename="D:\SourceCode\Project\SpiderApplication\Dll\Common.dll" />
      <DeploymentItem filename="D:\SourceCode\Project\SpiderApplication\PageLoader\bin\Debug\PageLoader.dll" />
      <DeploymentItem filename="D:\SourceCode\Project\SpiderApplication\SpiderLib\bin\Debug\SpiderLib.dll" />
    </Deployment>
    <Execution>
      <TestTypeSpecific />
      <AgentRule name="Execution Agents">
      </AgentRule>
    </Execution>
  </TestSettings>
  <Times creation="2014-07-01T14:56:55.8834139+08:00" queuing="2014-07-01T14:56:58.2650044+08:00" start="2014-07-01T14:56:58.3980927+08:00" finish="2014-07-01T14:58:55.7054318+08:00" />
  <ResultSummary outcome="Failed">
    <Counters total="1" executed="1" error="0" failed="1" timeout="0" aborted="0" inconclusive="0" passedButRunAborted="0" notRunnable="0" notExecuted="0" disconnected="0" warning="0" passed="0" completed="0" inProgress="0" pending="0" />
    <RunInfos>
      <RunInfo computerName="P24302-14" outcome="Warning" timestamp="2014-07-01T14:56:55.8874166+08:00">
        <Text>Deployment is currently disabled. The deployment item 'SpiderLib.dll' on test 'UnitTest.MeituanSourceModelTest.InitTest' was not deployed.</Text>
      </RunInfo>
    </RunInfos>
  </ResultSummary>
  <TestDefinitions>
    <UnitTest name="InitTest" storage="d:\sourcecode\project\spiderapplication\unittest\bin\debug\unittest.dll" id="a56d1f19-c3b7-1882-0ba6-a13dc457bf40">
      <DeploymentItems>
        <DeploymentItem filename="SpiderLib.dll" />
      </DeploymentItems>
      <Execution id="12dd5e10-fb9f-4274-af7a-d459f9376315" />
      <TestMethod codeBase="D:/SourceCode/Project/SpiderApplication/UnitTest/bin/Debug/UnitTest.DLL" adapterTypeName="Microsoft.VisualStudio.TestTools.TestTypes.Unit.UnitTestAdapter, Microsoft.VisualStudio.QualityTools.Tips.UnitTest.Adapter, Version=10.0.0.0, Culture=neutral, PublicKeyToken=b03f5f7f11d50a3a" className="UnitTest.MeituanSourceModelTest, UnitTest, Version=1.0.0.0, Culture=neutral, PublicKeyToken=null" name="InitTest" />
    </UnitTest>
  </TestDefinitions>
  <TestLists>
    <TestList name="Results Not in a List" id="8c84fa94-04c1-424b-9868-57a2d4851a1d" />
    <TestList name="All Loaded Results" id="19431567-8539-422a-85d7-44ee4e166bda" />
  </TestLists>
  <TestEntries>
    <TestEntry testId="a56d1f19-c3b7-1882-0ba6-a13dc457bf40" executionId="12dd5e10-fb9f-4274-af7a-d459f9376315" testListId="8c84fa94-04c1-424b-9868-57a2d4851a1d" />
  </TestEntries>
  <Results>
    <UnitTestResult executionId="12dd5e10-fb9f-4274-af7a-d459f9376315" testId="a56d1f19-c3b7-1882-0ba6-a13dc457bf40" testName="InitTest" computerName="P24302-14" duration="00:01:55.7156078" startTime="2014-07-01T14:56:58.5081668+08:00" endTime="2014-07-01T14:58:55.6223769+08:00" testType="13cdc9d9-ddb5-4fa4-a97d-d965ccfc6d4b" outcome="Failed" testListId="8c84fa94-04c1-424b-9868-57a2d4851a1d" relativeResultsDirectory="12dd5e10-fb9f-4274-af7a-d459f9376315">
      <Output>
        <ErrorInfo>
          <Message>Test method UnitTest.MeituanSourceModelTest.InitTest threw exception: 
System.ArgumentNullException: 值不能为 null。
参数名: input</Message>
          <StackTrace>   在 SpiderLib.MeituanSourceModel_Accessor.Spider()
   在 UnitTest.MeituanSourceModelTest.InitTest() 位置 D:\SourceCode\Project\SpiderApplication\UnitTest\MeituanSourceModelTest.cs:行号 79
</StackTrace>
        </ErrorInfo>
      </Output>
    </UnitTestResult>
  </Results>
</TestRun>