<?xml version="1.0" encoding="UTF-8"?>
<TestRun id="4617c2c6-a7ab-4efe-b50b-de325e537083" name="FrankieLin@P24302-14 2014-07-01 16:02:14" runUser="P24302-14\FrankieLin" xmlns="http://microsoft.com/schemas/VisualStudio/TeamTest/2010">
  <TestSettings name="Local" id="d5433585-0d29-4301-95de-3408dcfff771">
    <Description>These are default test settings for a local test run.</Description>
    <Deployment userDeploymentRoot="D:\SourceCode\Project\SpiderApplication\TestResults" useDefaultDeploymentRoot="false" enabled="false" runDeploymentRoot="FrankieLin_P24302-14 2014-07-01 16_02_14">
      <DeploymentItem filename="D:\SourceCode\Project\SpiderApplication\Dll\Common.dll" />
      <DeploymentItem filename="D:\SourceCode\Project\SpiderApplication\PageLoader\bin\Debug\PageLoader.dll" />
      <DeploymentItem filename="D:\SourceCode\Project\SpiderApplication\SpiderLib\bin\Debug\SpiderLib.dll" />
    </Deployment>
    <Execution>
      <TestTypeSpecific />
      <AgentRule name="Execution Agents">
      </AgentRule>
    </Execution>
  </TestSettings>
  <Times creation="2014-07-01T16:02:14.9245734+08:00" queuing="2014-07-01T16:02:17.3111677+08:00" start="2014-07-01T16:02:17.4782787+08:00" finish="2014-07-01T16:02:33.8552159+08:00" />
  <ResultSummary outcome="Error">
    <Counters total="1" executed="1" error="0" failed="0" timeout="0" aborted="1" inconclusive="0" passedButRunAborted="0" notRunnable="0" notExecuted="0" disconnected="0" warning="0" passed="0" completed="0" inProgress="0" pending="0" />
    <RunInfos>
      <RunInfo computerName="P24302-14" outcome="Error" timestamp="2014-07-01T16:02:33.8552159+08:00">
        <Text>Test host process exited unexpectedly.</Text>
      </RunInfo>
    </RunInfos>
  </ResultSummary>
  <TestDefinitions>
    <UnitTest name="TestEncode" storage="d:\sourcecode\project\spiderapplication\unittest\bin\debug\unittest.dll" id="ecee43d1-3d57-05dd-c5bc-6f39092611d3">
      <Execution id="22c75ad5-76a4-4637-b91c-d59d0a469322" />
      <TestMethod codeBase="D:/SourceCode/Project/SpiderApplication/UnitTest/bin/Debug/UnitTest.DLL" adapterTypeName="Microsoft.VisualStudio.TestTools.TestTypes.Unit.UnitTestAdapter, Microsoft.VisualStudio.QualityTools.Tips.UnitTest.Adapter, Version=10.0.0.0, Culture=neutral, PublicKeyToken=b03f5f7f11d50a3a" className="UnitTest.MeituanSourceModelTest, UnitTest, Version=1.0.0.0, Culture=neutral, PublicKeyToken=null" name="TestEncode" />
    </UnitTest>
  </TestDefinitions>
  <TestLists>
    <TestList name="Results Not in a List" id="8c84fa94-04c1-424b-9868-57a2d4851a1d" />
    <TestList name="All Loaded Results" id="19431567-8539-422a-85d7-44ee4e166bda" />
  </TestLists>
  <TestEntries>
    <TestEntry testId="ecee43d1-3d57-05dd-c5bc-6f39092611d3" executionId="22c75ad5-76a4-4637-b91c-d59d0a469322" testListId="8c84fa94-04c1-424b-9868-57a2d4851a1d" />
  </TestEntries>
  <Results>
    <UnitTestResult executionId="22c75ad5-76a4-4637-b91c-d59d0a469322" testId="ecee43d1-3d57-05dd-c5bc-6f39092611d3" testName="TestEncode" computerName="P24302-14" duration="00:00:16.2338410" startTime="2014-07-01T16:02:17.6213749+08:00" endTime="2014-07-01T16:02:33.8552159+08:00" testType="13cdc9d9-ddb5-4fa4-a97d-d965ccfc6d4b" outcome="Aborted" testListId="8c84fa94-04c1-424b-9868-57a2d4851a1d" relativeResultsDirectory="22c75ad5-76a4-4637-b91c-d59d0a469322">
    </UnitTestResult>
  </Results>
</TestRun>