<?xml version="1.0" encoding="UTF-8"?>
<TestRun id="6458b65f-70f3-4f5a-a707-09cb13ec262a" name="FrankieLin@P24302-14 2014-07-01 16:10:04" runUser="P24302-14\FrankieLin" xmlns="http://microsoft.com/schemas/VisualStudio/TeamTest/2010">
  <TestSettings name="Local" id="d5433585-0d29-4301-95de-3408dcfff771">
    <Description>These are default test settings for a local test run.</Description>
    <Deployment enabled="false" runDeploymentRoot="FrankieLin_P24302-14 2014-07-01 16_10_04">
      <DeploymentItem filename="D:\SourceCode\Project\SpiderApplication\Dll\Common.dll" />
      <DeploymentItem filename="D:\SourceCode\Project\SpiderApplication\PageLoader\bin\Debug\PageLoader.dll" />
      <DeploymentItem filename="D:\SourceCode\Project\SpiderApplication\SpiderLib\bin\Debug\SpiderLib.dll" />
    </Deployment>
    <Execution>
      <TestTypeSpecific />
      <AgentRule name="Execution Agents">
      </AgentRule>
    </Execution>
  </TestSettings>
  <Times creation="2014-07-01T16:10:04.4961568+08:00" queuing="2014-07-01T16:10:04.9104334+08:00" start="2014-07-01T16:10:04.9664714+08:00" finish="2014-07-01T16:10:11.8590738+08:00" />
  <ResultSummary outcome="Aborted">
    <Counters total="1" executed="1" error="0" failed="0" timeout="0" aborted="1" inconclusive="0" passedButRunAborted="0" notRunnable="0" notExecuted="0" disconnected="0" warning="0" passed="0" completed="0" inProgress="0" pending="0" />
    <RunInfos>
      <RunInfo computerName="P24302-14" outcome="Warning" timestamp="2014-07-01T16:10:04.5261768+08:00">
        <Text>Deployment is currently disabled. The deployment item 'SpiderLib.dll' on test 'UnitTest.MeituanSourceModelTest.InitTest' was not deployed.</Text>
      </RunInfo>
    </RunInfos>
  </ResultSummary>
  <TestDefinitions>
    <UnitTest name="InitTest" storage="d:\sourcecode\project\spiderapplication\unittest\bin\debug\unittest.dll" id="a56d1f19-c3b7-1882-0ba6-a13dc457bf40">
      <DeploymentItems>
        <DeploymentItem filename="SpiderLib.dll" />
      </DeploymentItems>
      <Execution id="9cef06db-ad00-4db8-8a0a-73731d5d7061" />
      <TestMethod codeBase="D:/SourceCode/Project/SpiderApplication/UnitTest/bin/Debug/UnitTest.DLL" adapterTypeName="Microsoft.VisualStudio.TestTools.TestTypes.Unit.UnitTestAdapter, Microsoft.VisualStudio.QualityTools.Tips.UnitTest.Adapter, Version=10.0.0.0, Culture=neutral, PublicKeyToken=b03f5f7f11d50a3a" className="UnitTest.MeituanSourceModelTest, UnitTest, Version=1.0.0.0, Culture=neutral, PublicKeyToken=null" name="InitTest" />
    </UnitTest>
  </TestDefinitions>
  <TestLists>
    <TestList name="Results Not in a List" id="8c84fa94-04c1-424b-9868-57a2d4851a1d" />
    <TestList name="All Loaded Results" id="19431567-8539-422a-85d7-44ee4e166bda" />
  </TestLists>
  <TestEntries>
    <TestEntry testId="a56d1f19-c3b7-1882-0ba6-a13dc457bf40" executionId="9cef06db-ad00-4db8-8a0a-73731d5d7061" testListId="8c84fa94-04c1-424b-9868-57a2d4851a1d" />
  </TestEntries>
  <Results>
    <UnitTestResult executionId="9cef06db-ad00-4db8-8a0a-73731d5d7061" testId="a56d1f19-c3b7-1882-0ba6-a13dc457bf40" testName="InitTest" computerName="P24302-14" duration="00:00:01.5590411" startTime="2014-07-01T16:10:04.9934889+08:00" endTime="2014-07-01T16:10:06.5525300+08:00" testType="13cdc9d9-ddb5-4fa4-a97d-d965ccfc6d4b" outcome="Aborted" testListId="8c84fa94-04c1-424b-9868-57a2d4851a1d" relativeResultsDirectory="9cef06db-ad00-4db8-8a0a-73731d5d7061">
      <Output>
        <ErrorInfo>
          <Message>User aborted test run.</Message>
        </ErrorInfo>
      </Output>
    </UnitTestResult>
  </Results>
</TestRun>