<?xml version="1.0" encoding="UTF-8"?>
<TestRun id="5a2171e4-6b2b-4799-b804-45f96240efeb" name="FrankieLin@P24302-14 2014-07-01 16:07:49" runUser="P24302-14\FrankieLin" xmlns="http://microsoft.com/schemas/VisualStudio/TeamTest/2010">
  <TestSettings name="Local" id="d5433585-0d29-4301-95de-3408dcfff771">
    <Description>These are default test settings for a local test run.</Description>
    <Deployment enabled="false" runDeploymentRoot="FrankieLin_P24302-14 2014-07-01 16_07_49">
      <DeploymentItem filename="D:\SourceCode\Project\SpiderApplication\Dll\Common.dll" />
      <DeploymentItem filename="D:\SourceCode\Project\SpiderApplication\PageLoader\bin\Debug\PageLoader.dll" />
      <DeploymentItem filename="D:\SourceCode\Project\SpiderApplication\SpiderLib\bin\Debug\SpiderLib.dll" />
    </Deployment>
    <Execution>
      <TestTypeSpecific />
      <AgentRule name="Execution Agents">
      </AgentRule>
    </Execution>
  </TestSettings>
  <Times creation="2014-07-01T16:07:49.5790577+08:00" queuing="2014-07-01T16:07:49.9252895+08:00" start="2014-07-01T16:07:49.9633149+08:00" finish="2014-07-01T16:07:50.5827280+08:00" />
  <ResultSummary outcome="Completed">
    <Counters total="1" executed="1" passed="1" error="0" failed="0" timeout="0" aborted="0" inconclusive="0" passedButRunAborted="0" notRunnable="0" notExecuted="0" disconnected="0" warning="0" completed="0" inProgress="0" pending="0" />
  </ResultSummary>
  <TestDefinitions>
    <UnitTest name="TestEncode" storage="d:\sourcecode\project\spiderapplication\unittest\bin\debug\unittest.dll" id="ecee43d1-3d57-05dd-c5bc-6f39092611d3">
      <Execution id="5dbb8d3a-6ad3-4f55-ab86-b73cdf36b151" />
      <TestMethod codeBase="D:/SourceCode/Project/SpiderApplication/UnitTest/bin/Debug/UnitTest.DLL" adapterTypeName="Microsoft.VisualStudio.TestTools.TestTypes.Unit.UnitTestAdapter, Microsoft.VisualStudio.QualityTools.Tips.UnitTest.Adapter, Version=10.0.0.0, Culture=neutral, PublicKeyToken=b03f5f7f11d50a3a" className="UnitTest.MeituanSourceModelTest, UnitTest, Version=1.0.0.0, Culture=neutral, PublicKeyToken=null" name="TestEncode" />
    </UnitTest>
  </TestDefinitions>
  <TestLists>
    <TestList name="Results Not in a List" id="8c84fa94-04c1-424b-9868-57a2d4851a1d" />
    <TestList name="All Loaded Results" id="19431567-8539-422a-85d7-44ee4e166bda" />
  </TestLists>
  <TestEntries>
    <TestEntry testId="ecee43d1-3d57-05dd-c5bc-6f39092611d3" executionId="5dbb8d3a-6ad3-4f55-ab86-b73cdf36b151" testListId="8c84fa94-04c1-424b-9868-57a2d4851a1d" />
  </TestEntries>
  <Results>
    <UnitTestResult executionId="5dbb8d3a-6ad3-4f55-ab86-b73cdf36b151" testId="ecee43d1-3d57-05dd-c5bc-6f39092611d3" testName="TestEncode" computerName="P24302-14" duration="00:00:00.0297212" startTime="2014-07-01T16:07:49.9703196+08:00" endTime="2014-07-01T16:07:50.4646497+08:00" testType="13cdc9d9-ddb5-4fa4-a97d-d965ccfc6d4b" outcome="Passed" testListId="8c84fa94-04c1-424b-9868-57a2d4851a1d" relativeResultsDirectory="5dbb8d3a-6ad3-4f55-ab86-b73cdf36b151">
      <Output>
        <StdOut>params%3d%7b%22mteventParams%22%3a%7b%22la%22%3a%22deal%2fsee%22%2c%22tf%22%3a%22zizhucan%22%2c%22geo%22%3a%22beijinglushangyequ%22%2c%22st%22%3a%22default%22%2c%22pg%22%3a1%2c%22rs%22%3a%22default%22%7d%7d%26geotype%3d1%26areaid%3d719%26offset%3d0%26dealids1975818%2c3323923%2c25184429%2c24987962%2c25183386%2c25140679%2c25140678%2c25184426%2c24934947%2c21262908%2c2015437%2c24987959%2c11863950%2c25062330%2c2180859%2c24934928%2c25064137%2c11864011%2c21262804%2c25114282%2c24987955%2c24934936%2c21262805%2c7071019%2c8841456%2c3323691</StdOut>
      </Output>
    </UnitTestResult>
  </Results>
</TestRun>